<?xml version="1.0" encoding="UTF-8"?>
<!-- Generated by org.testng.reporters.JUnitReportReporter -->
<testsuite hostname="ViridianGaming" failures="0" tests="4" name="viridiantooth34.tests.StandAloneTest" time="7.726" errors="0" timestamp="2024-08-23T02:05:08 IST" skipped="0">
  <testcase classname="viridiantooth34.tests.StandAloneTest" name="mainTest" time="7.725"/>
  <testcase classname="viridiantooth34.tests.StandAloneTest" name="ocheckDataProvider" time="0.001"/>
  <testcase classname="viridiantooth34.tests.StandAloneTest" name="ocheckDataProvider" time="0.000"/>
  <testcase classname="viridiantooth34.tests.StandAloneTest" name="ocheckDataProvider" time="0.000"/>
</testsuite> <!-- viridiantooth34.tests.StandAloneTest -->
