<?xml version="1.0" encoding="UTF-8"?>
<!-- Generated by org.testng.reporters.JUnitReportReporter -->
<testsuite hostname="ViridianGaming" failures="0" tests="1" name="viridiantooth34.tests.ErrorValidationTest" time="2.897" errors="0" timestamp="2024-08-28T22:12:31 IST" skipped="0">
  <testcase classname="viridiantooth34.tests.ErrorValidationTest" name="NegativeTest" time="2.897"/>
</testsuite> <!-- viridiantooth34.tests.ErrorValidationTest -->
