<?xml version="1.0" encoding="UTF-8"?>
<!-- Generated by org.testng.reporters.JUnitReportReporter -->
<testsuite hostname="ViridianT" failures="0" tests="1" name="viridiantooth34.tests.StandAloneTest" time="6.106" errors="0" timestamp="2025-02-22T00:42:27 IST" skipped="0">
  <testcase classname="viridiantooth34.tests.StandAloneTest" name="addToCart" time="6.106"/>
  <system-out/>
</testsuite> <!-- viridiantooth34.tests.StandAloneTest -->
