<?xml version="1.0" encoding="UTF-8"?>
<!-- Generated by org.testng.reporters.JUnitReportReporter -->
<testsuite hostname="ViridianGaming" failures="0" tests="1" name="viridiantooth34.tests.ErrorValidationTest" time="1.656" errors="0" timestamp="2024-08-31T10:12:27 IST" skipped="0">
  <testcase classname="viridiantooth34.tests.ErrorValidationTest" name="NegativeTest" time="1.656"/>
</testsuite> <!-- viridiantooth34.tests.ErrorValidationTest -->
