<?xml version="1.0" encoding="UTF-8"?>
<!-- Generated by org.testng.reporters.JUnitReportReporter -->
<testsuite hostname="ViridianGaming" failures="0" tests="1" name="viridiantooth34.tests.StandAloneTest" time="6.842" errors="0" timestamp="2024-08-22T22:56:36 IST" skipped="0">
  <testcase classname="viridiantooth34.tests.StandAloneTest" name="mainTest" time="6.842"/>
</testsuite> <!-- viridiantooth34.tests.StandAloneTest -->
