<?xml version="1.0" encoding="UTF-8"?>
<!-- Generated by org.testng.reporters.JUnitReportReporter -->
<testsuite hostname="ViridianGaming" failures="0" tests="1" name="viridiantooth34.tests.Dummy" time="0.008" errors="0" timestamp="2024-08-22T22:30:56 IST" skipped="0">
  <testcase classname="viridiantooth34.tests.Dummy" name="Test1" time="0.008"/>
</testsuite> <!-- viridiantooth34.tests.Dummy -->
