<?xml version="1.0" encoding="UTF-8"?>
<!-- Generated by org.testng.reporters.JUnitReportReporter -->
<testsuite hostname="ViridianGaming" failures="0" tests="1" name="viridiantooth34.tests.ErrorValidationTest" time="1.674" errors="0" timestamp="2024-08-29T02:59:41 IST" skipped="0">
  <testcase classname="viridiantooth34.tests.ErrorValidationTest" name="NegativeTest" time="1.674"/>
</testsuite> <!-- viridiantooth34.tests.ErrorValidationTest -->
